<?xml version="1.0" encoding="UTF-8"?>
<!-- Generated by org.testng.reporters.JUnitReportReporter -->
<testsuite hostname="test" failures="0" tests="2" name="com.qa.tests.CoronaVirusDataTest" time="0.718" errors="0" timestamp="21 Jul 2022 13:25:09 GMT" skipped="0">
  <testcase classname="com.qa.tests.CoronaVirusDataTest" name="dayWiseDataCoronaVirus" time="0.644"/>
  <testcase classname="com.qa.tests.CoronaVirusDataTest" name="validateStatusCodeTest" time="0.074"/>
</testsuite> <!-- com.qa.tests.CoronaVirusDataTest -->
