<?xml version="1.0" encoding="UTF-8"?>
<!-- Generated by org.testng.reporters.JUnitReportReporter -->
<testsuite hostname="LAMU02FN5ZCMD6R.uhc.com." failures="0" tests="2" name="com.qa.tests.CoronaVirusDataTest" time="1.958" errors="0" timestamp="21 Jul 2022 04:29:01 GMT" skipped="0">
  <testcase classname="com.qa.tests.CoronaVirusDataTest" name="dayWiseDataCoronaVirus" time="1.273"/>
  <testcase classname="com.qa.tests.CoronaVirusDataTest" name="validateStatusCodeTest" time="0.685"/>
</testsuite> <!-- com.qa.tests.CoronaVirusDataTest -->
