<?xml version="1.0" encoding="UTF-8"?>
<!-- Generated by org.testng.reporters.JUnitReportReporter -->
<testsuite hostname="LAMU02FN5ZCMD6R.uhc.com." failures="0" tests="3" name="com.qa.tests.ValidateDataTest" time="5.723" errors="0" timestamp="21 Jul 2022 10:42:15 GMT" skipped="0">
  <testcase classname="com.qa.tests.ValidateDataTest" name="validateAttributeType" time="0.783"/>
  <testcase classname="com.qa.tests.ValidateDataTest" name="JSONSchemaValidation" time="1.062"/>
  <testcase classname="com.qa.tests.ValidateDataTest" name="validateCoronaCaseForGivenDate" time="3.878"/>
</testsuite> <!-- com.qa.tests.ValidateDataTest -->
