<?xml version="1.0" encoding="UTF-8"?>
<!-- Generated by org.testng.reporters.JUnitReportReporter -->
<testsuite hostname="LAMU02FN5ZCMD6R.uhc.com." failures="0" tests="2" name="com.qa.tests.CoronaVirusDataTest" time="2.080" errors="0" timestamp="21 Jul 2022 10:42:15 GMT" skipped="0">
  <testcase classname="com.qa.tests.CoronaVirusDataTest" name="dayWiseDataCoronaVirus" time="1.261"/>
  <testcase classname="com.qa.tests.CoronaVirusDataTest" name="validateStatusCodeTest" time="0.819"/>
</testsuite> <!-- com.qa.tests.CoronaVirusDataTest -->
