<?xml version="1.0" encoding="UTF-8"?>
<!-- Generated by org.testng.reporters.JUnitReportReporter -->
<testsuite hostname="test" failures="0" tests="3" name="com.qa.tests.ValidateDataTest" time="2.529" errors="0" timestamp="21 Jul 2022 13:25:09 GMT" skipped="0">
  <testcase classname="com.qa.tests.ValidateDataTest" name="JSONSchemaValidation" time="0.442"/>
  <testcase classname="com.qa.tests.ValidateDataTest" name="validateAreaNameForUnitedKingdom" time="1.471"/>
  <testcase classname="com.qa.tests.ValidateDataTest" name="validateCoronaCaseForGivenDate" time="0.616"/>
</testsuite> <!-- com.qa.tests.ValidateDataTest -->
